<?xml version="1.0"?>
<testsuites>
    <testsuite name="PhantomJS 1.9.1 (Mac OS X)" package="undefined" timestamp="2013-10-08T19:05:48" id="0"
               hostname="Mischas-MacBook-Pro.local" tests="9" errors="1" failures="5" time="0.009">
        <properties>
            <property name="browser.fullName"
                      value="Mozilla/5.0 (Macintosh; Intel Mac OS X) AppleWebKit/534.34 (KHTML, like Gecko) PhantomJS/1.9.1 Safari/534.34"/>
        </properties>
        <testcase name="should read most recent messages from the server (ng-init)" time="0.036"
                  classname="Chrome 33.0.1750 (Windows 7).inboxController on load"/>
        <testcase name="should read most recent messages from the server (ng-init)" time="0.005"
                  classname="Chrome 33.0.1750 (Windows 7).inboxController on load"/>
        <testcase name="should set a bolean to true if there are important unread messages (ng-init)" time="0.004"
                  classname="Chrome 33.0.1750 (Windows 7).inboxController on load"/>
        <testcase name="it should return value as value" time="0.006"
                  classname="PhantomJS 1.9.1 (Mac OS X).Given the example controller">
            <failure type="">TypeError: &apos;undefined&apos; is not a function (evaluating &apos;some_function()&apos;)
                at /Users/xxxx/project/app/js/exampleCtrl.js:6
                at invoke (/Users/xxxx/project/app/lib/angular/angular.js:3162)
                at instantiate (/Users/xxxx/project/app/lib/angular/angular.js:3174)
                at /Users/xxxx/project/app/lib/angular/angular.js:5583
                at /Users/xxxx/project/test/unit/exampleSpec.js:16
                at invoke (/Users/xxxx/project/app/lib/angular/angular.js:3162)
                at workFn (/Users/xxxx/project/app/lib/angular-mocks/angular-mocks.js:1952)
                at /Users/xxxx/project/app/lib/angular-mocks/angular-mocks.js:1939
                at /Users/xxxx/project/test/unit/exampleSpec.js:18
            </failure>
        </testcase>
        <testcase name="it should return value as value" time="0.001"
                  classname="PhantomJS 1.9.1 (Mac OS X).Given the example controller">
            <failure type="">TypeError: &apos;undefined&apos; is not a function (evaluating &apos;some_function()&apos;)
                at /Users/xxxx/project/app/js/exampleCtrl.js:6
                at invoke (/Users/xxxx/project/app/lib/angular/angular.js:3162)
                at instantiate (/Users/xxxx/project/app/lib/angular/angular.js:3174)
                at /Users/xxxx/project/app/lib/angular/angular.js:5583
                at /Users/xxxx/project/test/unit/exampleSpec.js:16
                at invoke (/Users/xxxx/project/app/lib/angular/angular.js:3162)
                at workFn (/Users/xxxx/project/app/lib/angular-mocks/angular-mocks.js:1952)
                at /Users/xxxx/project/app/lib/angular-mocks/angular-mocks.js:1939
                at /Users/xxxx/project/test/unit/exampleSpec.js:18
            </failure>
        </testcase>
        <testcase name="it should return value as value" time="0.001"
                  classname="PhantomJS 1.9.1 (Mac OS X).Given the example controller">
            <failure type="">TypeError: &apos;undefined&apos; is not a function (evaluating &apos;some_function()&apos;)
                at /Users/xxxx/project/app/js/exampleCtrl.js:6
                at invoke (/Users/xxxx/project/app/lib/angular/angular.js:3162)
                at instantiate (/Users/xxxx/project/app/lib/angular/angular.js:3174)
                at /Users/xxxx/project/app/lib/angular/angular.js:5583
                at /Users/xxxx/project/test/unit/exampleSpec.js:16
                at invoke (/Users/xxxx/project/app/lib/angular/angular.js:3162)
                at workFn (/Users/xxxx/project/app/lib/angular-mocks/angular-mocks.js:1952)
                at /Users/xxxx/project/app/lib/angular-mocks/angular-mocks.js:1939
                at /Users/xxxx/project/test/unit/exampleSpec.js:18
            </failure>
            <failure type="">Expected &apos;value3&apos; to be &apos;fail&apos;.
            </failure>
        </testcase>
        <testcase name="it should return value as value" time="0.001"
                  classname="PhantomJS 1.9.1 (Mac OS X).Given the example controller">
            <failure type="">TypeError: &apos;undefined&apos; is not a function (evaluating &apos;some_function()&apos;)
                at /Users/xxxx/project/app/js/exampleCtrl.js:6
                at invoke (/Users/xxxx/project/app/lib/angular/angular.js:3162)
                at instantiate (/Users/xxxx/project/app/lib/angular/angular.js:3174)
                at /Users/xxxx/project/app/lib/angular/angular.js:5583
                at /Users/xxxx/project/test/unit/exampleSpec.js:16
                at invoke (/Users/xxxx/project/app/lib/angular/angular.js:3162)
                at workFn (/Users/xxxx/project/app/lib/angular-mocks/angular-mocks.js:1952)
                at /Users/xxxx/project/app/lib/angular-mocks/angular-mocks.js:1939
                at /Users/xxxx/project/test/unit/exampleSpec.js:18
            </failure>
            <failure type="">Expected &apos;value4&apos; to be &apos;fail&apos;.
            </failure>
        </testcase>
        <testcase name="it should return value as value" time="0"
                  classname="PhantomJS 1.9.1 (Mac OS X).Given the example controller">
            <failure type="">TypeError: &apos;undefined&apos; is not a function (evaluating &apos;some_function()&apos;)
                at /Users/xxxx/project/app/js/exampleCtrl.js:6
                at invoke (/Users/xxxx/project/app/lib/angular/angular.js:3162)
                at instantiate (/Users/xxxx/project/app/lib/angular/angular.js:3174)
                at /Users/xxxx/project/app/lib/angular/angular.js:5583
                at /Users/xxxx/project/test/unit/exampleSpec.js:16
                at invoke (/Users/xxxx/project/app/lib/angular/angular.js:3162)
                at workFn (/Users/xxxx/project/app/lib/angular-mocks/angular-mocks.js:1952)
                at /Users/xxxx/project/app/lib/angular-mocks/angular-mocks.js:1939
                at /Users/xxxx/project/test/unit/exampleSpec.js:18
            </failure>
            <failure type="">Expected undefined to be &apos;value5&apos;.
            </failure>
        </testcase>
        <system-out><![CDATA[
                ]]></system-out>
        <system-err/>
    </testsuite>
    <testsuite name="Chrome 30.0.1599 (Mac OS X 10.8.5)" package="undefined" timestamp="2013-10-08T19:05:48" id="0"
               hostname="Mischas-MacBook-Pro.local" tests="5" errors="1" failures="5" time="0.026">
        <properties>
            <property name="browser.fullName"
                      value="Mozilla/5.0 (Macintosh; Intel Mac OS X 10_8_5) AppleWebKit/537.36 (KHTML, like Gecko) Chrome/30.0.1599.69 Safari/537.36"/>
        </properties>
        <testcase name="it should return value as value" time="0.021"
                  classname="Chrome 30.0.1599 (Mac OS X 10.8.5).Given the example controller">
            <failure type="">TypeError: undefined is not a function
                at new &lt;anonymous&gt;
                (/Users/xxxx/project/app/js/exampleCtrl.js:6:488)
                at invoke (/Users/xxxx/project/app/lib/angular/angular.js:3162:28)
                at Object.instantiate
                (/Users/xxxx/project/app/lib/angular/angular.js:3174:23)
                at /Users/xxxx/project/app/lib/angular/angular.js:5583:28
                at /Users/xxxx/project/test/unit/exampleSpec.js:15:26
                at Object.invoke (/Users/xxxx/project/app/lib/angular/angular.js:3162:28)
                at workFn
                (/Users/xxxx/project/app/lib/angular-mocks/angular-mocks.js:1952:20)
                at window.inject.angular.mock.inject
                (/Users/xxxx/project/app/lib/angular-mocks/angular-mocks.js:1939:30)
                at null.&lt;anonymous&gt;
                (/Users/xxxx/project/test/unit/exampleSpec.js:11:9)
                Error: Declaration Location
                at window.inject.angular.mock.inject
                (/Users/xxxx/project/app/lib/angular-mocks/angular-mocks.js:1938:25)
                at null.&lt;anonymous&gt;
                (/Users/xxxx/project/test/unit/exampleSpec.js:11:9)
            </failure>
        </testcase>
        <testcase name="it should return value as value" time="0.002"
                  classname="Chrome 30.0.1599 (Mac OS X 10.8.5).Given the example controller">
            <failure type="">TypeError: undefined is not a function
                at new &lt;anonymous&gt;
                (/Users/xxxx/project/app/js/exampleCtrl.js:6:488)
                at invoke (/Users/xxxx/project/app/lib/angular/angular.js:3162:28)
                at Object.instantiate
                (/Users/xxxx/project/app/lib/angular/angular.js:3174:23)
                at /Users/xxxx/project/app/lib/angular/angular.js:5583:28
                at /Users/xxxx/project/test/unit/exampleSpec.js:15:26
                at Object.invoke (/Users/xxxx/project/app/lib/angular/angular.js:3162:28)
                at workFn
                (/Users/xxxx/project/app/lib/angular-mocks/angular-mocks.js:1952:20)
                at window.inject.angular.mock.inject
                (/Users/xxxx/project/app/lib/angular-mocks/angular-mocks.js:1939:30)
                at null.&lt;anonymous&gt;
                (/Users/xxxx/project/test/unit/exampleSpec.js:11:9)
                Error: Declaration Location
                at window.inject.angular.mock.inject
                (/Users/xxxx/project/app/lib/angular-mocks/angular-mocks.js:1938:25)
                at null.&lt;anonymous&gt;
                (/Users/xxxx/project/test/unit/exampleSpec.js:11:9)
            </failure>
        </testcase>
        <testcase name="it should return value as value" time="0.001"
                  classname="Chrome 30.0.1599 (Mac OS X 10.8.5).Given the example controller">
            <failure type="">TypeError: undefined is not a function
                at new &lt;anonymous&gt;
                (/Users/xxxx/project/app/js/exampleCtrl.js:6:488)
                at invoke (/Users/xxxx/project/app/lib/angular/angular.js:3162:28)
                at Object.instantiate
                (/Users/xxxx/project/app/lib/angular/angular.js:3174:23)
                at /Users/xxxx/project/app/lib/angular/angular.js:5583:28
                at /Users/xxxx/project/test/unit/exampleSpec.js:15:26
                at Object.invoke (/Users/xxxx/project/app/lib/angular/angular.js:3162:28)
                at workFn
                (/Users/xxxx/project/app/lib/angular-mocks/angular-mocks.js:1952:20)
                at window.inject.angular.mock.inject
                (/Users/xxxx/project/app/lib/angular-mocks/angular-mocks.js:1939:30)
                at null.&lt;anonymous&gt;
                (/Users/xxxx/project/test/unit/exampleSpec.js:11:9)
                Error: Declaration Location
                at window.inject.angular.mock.inject
                (/Users/xxxx/project/app/lib/angular-mocks/angular-mocks.js:1938:25)
                at null.&lt;anonymous&gt;
                (/Users/xxxx/project/test/unit/exampleSpec.js:11:9)
            </failure>
            <failure type="">Expected &apos;value3&apos; to be &apos;fail&apos;.
                Error: Expected &apos;value3&apos; to be &apos;fail&apos;.
                at null.&lt;anonymous&gt;
                (/Users/xxxx/project/test/unit/exampleSpec.js:31:37)
            </failure>
        </testcase>
        <testcase name="it should return value as value" time="0.001"
                  classname="Chrome 30.0.1599 (Mac OS X 10.8.5).Given the example controller">
            <failure type="">TypeError: undefined is not a function
                at new &lt;anonymous&gt;
                (/Users/xxxx/project/app/js/exampleCtrl.js:6:488)
                at invoke (/Users/xxxx/project/app/lib/angular/angular.js:3162:28)
                at Object.instantiate
                (/Users/xxxx/project/app/lib/angular/angular.js:3174:23)
                at /Users/xxxx/project/app/lib/angular/angular.js:5583:28
                at /Users/xxxx/project/test/unit/exampleSpec.js:15:26
                at Object.invoke (/Users/xxxx/project/app/lib/angular/angular.js:3162:28)
                at workFn
                (/Users/xxxx/project/app/lib/angular-mocks/angular-mocks.js:1952:20)
                at window.inject.angular.mock.inject
                (/Users/xxxx/project/app/lib/angular-mocks/angular-mocks.js:1939:30)
                at null.&lt;anonymous&gt;
                (/Users/xxxx/project/test/unit/exampleSpec.js:11:9)
                Error: Declaration Location
                at window.inject.angular.mock.inject
                (/Users/xxxx/project/app/lib/angular-mocks/angular-mocks.js:1938:25)
                at null.&lt;anonymous&gt;
                (/Users/xxxx/project/test/unit/exampleSpec.js:11:9)
            </failure>
            <failure type="">Expected &apos;value4&apos; to be &apos;fail&apos;.
                Error: Expected &apos;value4&apos; to be &apos;fail&apos;.
                at null.&lt;anonymous&gt;
                (/Users/xxxx/project/test/unit/exampleSpec.js:35:37)
            </failure>
        </testcase>
        <testcase name="it should return value as value" time="0.001"
                  classname="Chrome 30.0.1599 (Mac OS X 10.8.5).Given the example controller">
            <failure type="">TypeError: undefined is not a function
                at new &lt;anonymous&gt;
                (/Users/xxxx/project/app/js/exampleCtrl.js:6:488)
                at invoke (/Users/xxxx/project/app/lib/angular/angular.js:3162:28)
                at Object.instantiate
                (/Users/xxxx/project/app/lib/angular/angular.js:3174:23)
                at /Users/xxxx/project/app/lib/angular/angular.js:5583:28
                at /Users/xxxx/project/test/unit/exampleSpec.js:15:26
                at Object.invoke (/Users/xxxx/project/app/lib/angular/angular.js:3162:28)
                at workFn
                (/Users/xxxx/project/app/lib/angular-mocks/angular-mocks.js:1952:20)
                at window.inject.angular.mock.inject
                (/Users/xxxx/project/app/lib/angular-mocks/angular-mocks.js:1939:30)
                at null.&lt;anonymous&gt;
                (/Users/xxxx/project/test/unit/exampleSpec.js:11:9)
                Error: Declaration Location
                at window.inject.angular.mock.inject
                (/Users/xxxx/project/app/lib/angular-mocks/angular-mocks.js:1938:25)
                at null.&lt;anonymous&gt;
                (/Users/xxxx/project/test/unit/exampleSpec.js:11:9)
            </failure>
            <failure type="">Expected undefined to be &apos;value5&apos;.
                Error: Expected undefined to be &apos;value5&apos;.
                at null.&lt;anonymous&gt;
                (/Users/xxxx/project/test/unit/exampleSpec.js:39:37)
            </failure>
        </testcase>
        <system-out><![CDATA[
                ]]></system-out>
        <system-err/>
    </testsuite>
</testsuites>
